<?xml version="1.0" encoding="UTF-8"?>
<!-- Generated by org.testng.reporters.JUnitXMLReporter -->
<testsuite ignored="0" hostname="serahate-4S6RKN3" failures="1" tests="1" name="ChromeDriverTest(failed)" time="6.783" errors="0" timestamp="2023-12-06T11:08:42 IST">
  <testcase classname="com.SauceDemo.TestClasses.TC01LoginFunctionality" name="loginFunctionalityTest" time="0.024">
    <failure type="java.lang.AssertionError" message="expected [ Labs] but found [Swag Labs]">
      <![CDATA[java.lang.AssertionError: expected [ Labs] but found [Swag Labs]
at com.SauceDemo.TestClasses.TC01LoginFunctionality.loginFunctionalityTest(TC01LoginFunctionality.java:75)
at java.base/java.util.ArrayList.forEach(ArrayList.java:1511)
... Removed 33 stack frames]]>
    </failure>
  </testcase> <!-- loginFunctionalityTest -->
</testsuite> <!-- ChromeDriverTest(failed) -->
